[07 Mar 2019 15:43:31] Building database metadata model
[07 Mar 2019 15:43:31] Properties: {partialRefresh=false, processColumnsUsingSelect=, includePrimaryKeys=true, eventSocketClient=com.webratio.commons.net.EventSocketClient@1e9e5c73, includeTables=true, username=root, outputLogPath=/Users/vitorpeixoto/Documents/MIEI/EW/WebRatio/WebRatio/WebRatio.app/Contents/MacOS/workspace/BetESS/.Temp~/DB.xml.log, readIndexes=null, driverClass=com.mysql.jdbc.Driver, includeSynonyms=true, metaDataProviderClass=com.webratio.commons.db.metadata.MySQLMetaDataProvider, outputPath=/Users/vitorpeixoto/Documents/MIEI/EW/WebRatio/WebRatio/WebRatio.app/Contents/MacOS/workspace/BetESS/.Temp~/DB.xml, schemaRegex=null, readProcedures=null, includeViews=true, derby.system.home=/Users/vitorpeixoto/Documents/MIEI/EW/WebRatio/WebRatio/WebRatio.app/Contents/MacOS/workspace/.metadata/.plugins/com.webratio.commons.db/derby, url=jdbc:mysql://localhost:3306/betess, tableRegex=null, readSQLDefinitions=true, includeForeignKeys=false, retrieveAllNames=false, tablesToRefresh=, eventSocketPort=62685}
[07 Mar 2019 15:43:31] URL: jdbc:mysql://localhost:3306/betess
[07 Mar 2019 15:43:31] Product name: MySQL
[07 Mar 2019 15:43:31] Product version: 5.7.20
[07 Mar 2019 15:43:31] Driver name: MySQL Connector Java
[07 Mar 2019 15:43:31] Driver version: mysql-connector-java-5.1.31 ( Revision: alexander.soklakov@oracle.com-20140520065950-groqzzbvxprqdmnz )
[07 Mar 2019 15:43:31] Driver major version: 5
[07 Mar 2019 15:43:31] Driver minor version: 1
[07 Mar 2019 15:43:31] Identifier quote string: 1
[07 Mar 2019 15:43:31] Retrieving schemas
[07 Mar 2019 15:43:31] Retrieving [TABLE, VIEW, SYNONYM] for schema ''
[07 Mar 2019 15:43:31]   Found 'course' [type = TABLE]
[07 Mar 2019 15:43:31]   Found 'group' [type = TABLE]
[07 Mar 2019 15:43:31]   Found 'group_module' [type = TABLE]
[07 Mar 2019 15:43:31]   Found 'module' [type = TABLE]
[07 Mar 2019 15:43:31]   Found 'student' [type = TABLE]
[07 Mar 2019 15:43:31]   Found 'user' [type = TABLE]
[07 Mar 2019 15:43:31]   Found 'user_group' [type = TABLE]
[07 Mar 2019 15:43:31] Retrieving columns for 'course' [type = TABLE]
[07 Mar 2019 15:43:31]   Found column: oid [type = INT][SQL/XOPEN type = 4][size = 10][dec. digits = 0]
[07 Mar 2019 15:43:31]   Found column: name [type = VARCHAR][SQL/XOPEN type = 12][size = 255][dec. digits = 0]
[07 Mar 2019 15:43:31]   Found column: ects [type = INT][SQL/XOPEN type = 4][size = 10][dec. digits = 0]
[07 Mar 2019 15:43:31] Retrieving primary keys for 'course' [type = TABLE]
[07 Mar 2019 15:43:31]   Found primary key column: oid
[07 Mar 2019 15:43:31] Retrieving columns for 'group' [type = TABLE]
[07 Mar 2019 15:43:31]   Found column: oid [type = INT][SQL/XOPEN type = 4][size = 10][dec. digits = 0]
[07 Mar 2019 15:43:31]   Found column: groupname [type = VARCHAR][SQL/XOPEN type = 12][size = 255][dec. digits = 0]
[07 Mar 2019 15:43:31]   Found column: module_oid [type = INT][SQL/XOPEN type = 4][size = 10][dec. digits = 0]
[07 Mar 2019 15:43:31] Retrieving primary keys for 'group' [type = TABLE]
[07 Mar 2019 15:43:31]   Found primary key column: oid
[07 Mar 2019 15:43:31] Retrieving columns for 'group_module' [type = TABLE]
[07 Mar 2019 15:43:31]   Found column: group_oid [type = INT][SQL/XOPEN type = 4][size = 10][dec. digits = 0]
[07 Mar 2019 15:43:31]   Found column: module_oid [type = INT][SQL/XOPEN type = 4][size = 10][dec. digits = 0]
[07 Mar 2019 15:43:31] Retrieving primary keys for 'group_module' [type = TABLE]
[07 Mar 2019 15:43:31]   Found primary key column: group_oid
[07 Mar 2019 15:43:31]   Found primary key column: module_oid
[07 Mar 2019 15:43:31] Retrieving columns for 'module' [type = TABLE]
[07 Mar 2019 15:43:31]   Found column: oid [type = INT][SQL/XOPEN type = 4][size = 10][dec. digits = 0]
[07 Mar 2019 15:43:31]   Found column: moduleid [type = VARCHAR][SQL/XOPEN type = 12][size = 255][dec. digits = 0]
[07 Mar 2019 15:43:31]   Found column: modulename [type = VARCHAR][SQL/XOPEN type = 12][size = 255][dec. digits = 0]
[07 Mar 2019 15:43:31] Retrieving primary keys for 'module' [type = TABLE]
[07 Mar 2019 15:43:31]   Found primary key column: oid
[07 Mar 2019 15:43:31] Retrieving columns for 'student' [type = TABLE]
[07 Mar 2019 15:43:31]   Found column: oid [type = INT][SQL/XOPEN type = 4][size = 10][dec. digits = 0]
[07 Mar 2019 15:43:31]   Found column: name [type = VARCHAR][SQL/XOPEN type = 12][size = 255][dec. digits = 0]
[07 Mar 2019 15:43:31]   Found column: number [type = VARCHAR][SQL/XOPEN type = 12][size = 255][dec. digits = 0]
[07 Mar 2019 15:43:31] Retrieving primary keys for 'student' [type = TABLE]
[07 Mar 2019 15:43:31]   Found primary key column: oid
[07 Mar 2019 15:43:31] Retrieving columns for 'user' [type = TABLE]
[07 Mar 2019 15:43:31]   Found column: oid [type = INT][SQL/XOPEN type = 4][size = 10][dec. digits = 0]
[07 Mar 2019 15:43:31]   Found column: username [type = VARCHAR][SQL/XOPEN type = 12][size = 255][dec. digits = 0]
[07 Mar 2019 15:43:31]   Found column: password [type = VARCHAR][SQL/XOPEN type = 12][size = 255][dec. digits = 0]
[07 Mar 2019 15:43:31]   Found column: email [type = VARCHAR][SQL/XOPEN type = 12][size = 255][dec. digits = 0]
[07 Mar 2019 15:43:31]   Found column: group_oid [type = INT][SQL/XOPEN type = 4][size = 10][dec. digits = 0]
[07 Mar 2019 15:43:31] Retrieving primary keys for 'user' [type = TABLE]
[07 Mar 2019 15:43:31]   Found primary key column: oid
[07 Mar 2019 15:43:31] Retrieving columns for 'user_group' [type = TABLE]
[07 Mar 2019 15:43:31]   Found column: user_oid [type = INT][SQL/XOPEN type = 4][size = 10][dec. digits = 0]
[07 Mar 2019 15:43:31]   Found column: group_oid [type = INT][SQL/XOPEN type = 4][size = 10][dec. digits = 0]
[07 Mar 2019 15:43:31] Retrieving primary keys for 'user_group' [type = TABLE]
[07 Mar 2019 15:43:31]   Found primary key column: user_oid
[07 Mar 2019 15:43:31]   Found primary key column: group_oid
[07 Mar 2019 15:43:31] Database metadata retrieved (42 ms)
[07 Mar 2019 15:43:31] Retrieving auto-increment columns for 'course' [type = TABLE]
[07 Mar 2019 15:43:31] Retrieving auto-increment columns for 'group' [type = TABLE]
[07 Mar 2019 15:43:31] Retrieving auto-increment columns for 'group_module' [type = TABLE]
[07 Mar 2019 15:43:31] Retrieving auto-increment columns for 'module' [type = TABLE]
[07 Mar 2019 15:43:31] Retrieving auto-increment columns for 'student' [type = TABLE]
[07 Mar 2019 15:43:31] Retrieving auto-increment columns for 'user' [type = TABLE]
[07 Mar 2019 15:43:31] Retrieving auto-increment columns for 'user_group' [type = TABLE]
[07 Mar 2019 15:43:31] Database connection closed
